<?xml version="1.0" encoding="UTF-8"?>
<testng-results skipped="0" failed="0" ignored="0" total="3" passed="3">
  <reporter-output>
  </reporter-output>
  <suite name="Queue Test Suite" duration-ms="9631" started-at="2019-08-12T01:00:49Z" finished-at="2019-08-12T01:00:58Z">
    <groups>
    </groups>
    <test name="QueueTests" duration-ms="9631" started-at="2019-08-12T01:00:49Z" finished-at="2019-08-12T01:00:58Z">
      <class name="test.java.QueueTests.QueueTests">
        <test-method status="PASS" signature="setUp()[pri:0, instance:test.java.QueueTests.QueueTests@6b2fad11]" name="setUp" is-config="true" duration-ms="3804" started-at="2019-08-12T11:00:49Z" finished-at="2019-08-12T11:00:53Z">
          <reporter-output>
          </reporter-output>
        </test-method> <!-- setUp -->
        <test-method status="PASS" signature="CreateQueueTest()[pri:0, instance:test.java.QueueTests.QueueTests@6b2fad11]" name="CreateQueueTest" duration-ms="5617" started-at="2019-08-12T11:00:53Z" finished-at="2019-08-12T11:00:58Z">
          <reporter-output>
          </reporter-output>
        </test-method> <!-- CreateQueueTest -->
        <test-method status="PASS" signature="SendMessageTest()[pri:1, instance:test.java.QueueTests.QueueTests@6b2fad11]" name="SendMessageTest" duration-ms="79" started-at="2019-08-12T11:00:58Z" finished-at="2019-08-12T11:00:58Z">
          <reporter-output>
          </reporter-output>
        </test-method> <!-- SendMessageTest -->
        <test-method status="PASS" signature="ReceiveMessageTest()[pri:2, instance:test.java.QueueTests.QueueTests@6b2fad11]" name="ReceiveMessageTest" duration-ms="37" started-at="2019-08-12T11:00:58Z" finished-at="2019-08-12T11:00:58Z">
          <reporter-output>
          </reporter-output>
        </test-method> <!-- ReceiveMessageTest -->
        <test-method status="PASS" signature="TearDown()[pri:0, instance:test.java.QueueTests.QueueTests@6b2fad11]" name="TearDown" is-config="true" duration-ms="45" started-at="2019-08-12T11:00:58Z" finished-at="2019-08-12T11:00:58Z">
          <reporter-output>
          </reporter-output>
        </test-method> <!-- TearDown -->
      </class> <!-- test.java.QueueTests.QueueTests -->
    </test> <!-- QueueTests -->
  </suite> <!-- Queue Test Suite -->
</testng-results>
